2025-10-23 10:39:43,981 - pyswarms.discrete.binary - INFO - Optimize for 50 iters with {'c1': 1.496, 'c2': 1.496, 'w': 0.729, 'k': 3, 'p': 2}
2025-10-23 10:40:59,464 - pyswarms.discrete.binary - INFO - Optimization finished | best cost: -1.3, best pos: [1 0 1 0 0 0]
2025-10-23 10:42:42,750 - pyswarms.discrete.binary - INFO - Optimize for 50 iters with {'c1': 0.729, 'c2': 0.258, 'w': 0.729, 'k': 3, 'p': 2}
2025-10-23 10:43:15,699 - pyswarms.discrete.binary - INFO - Optimization finished | best cost: -1.3, best pos: [1 0 0 1 0 0]
2025-10-23 11:43:58,122 - pyswarms.discrete.binary - INFO - Optimize for 50 iters with {'c1': 0.729, 'c2': 0.258, 'w': 0.729, 'k': 3, 'p': 2}
2025-10-23 11:46:44,720 - pyswarms.discrete.binary - INFO - Optimization finished | best cost: 102.05, best pos: [0 0 1 1 0 0 0 0 0 1 0 0 1 0 0 1 0 1 0 0 0 1 1 1 1 0 1 1 1 0 0 1 1 0 1 1 1
 1 0 0 0 1 1 0 0 0 1 0 1 1 0 0 1 0 0 1 1 1 1 1 0 1 1 1 0 1 1 1 0 1 1 1 0 0
 0 0]
2025-10-23 12:07:12,939 - pyswarms.discrete.binary - INFO - Optimize for 50 iters with {'c1': 0.729, 'c2': 0.258, 'w': 0.729, 'k': 3, 'p': 2}
2025-10-23 12:09:21,395 - pyswarms.discrete.binary - INFO - Optimization finished | best cost: 183.3, best pos: [1 0 0 1 0 1 1 1 0 1 0 0 0 0 0 1 0 0 0 0 1 1 1 0 1 0 0 0 1 0 0 0 0 0 0 1 1
 0 0 0 0 1 0 1 0 1 1 0 1 1 1 0 1 0 0 1 0 0 1 0 0 1 1 0 0 0 1 1 0 0 1 0 1 1
 1 1]
2025-10-23 12:24:14,408 - pyswarms.discrete.binary - INFO - Optimize for 50 iters with {'c1': 0.729, 'c2': 0.258, 'w': 0.729, 'k': 3, 'p': 2}
2025-10-23 12:25:42,312 - pyswarms.discrete.binary - INFO - Optimization finished | best cost: 183.3, best pos: [1 1 0 0 0 1 0 1 0 1 0 0 0 0 0 1 0 0 0 0 1 1 1 0 1 0 0 0 1 0 0 0 0 0 0 1 1
 1 0 0 0 1 0 1 0 0 1 0 0 0 1 0 1 0 1 1 0 0 1 0 0 1 0 0 1 0 1 1 1 0 1 0 1 1
 1 1]
2025-10-23 17:32:11,329 - pyswarms.discrete.binary - INFO - Optimize for 50 iters with {'c1': 0.729, 'c2': 0.258, 'w': 0.729, 'k': 3, 'p': 2}
2025-10-23 17:38:46,213 - pyswarms.discrete.binary - INFO - Optimization finished | best cost: 1333.8, best pos: [1 0 0 1 1 1 0 0 0 0 1 1 0 0 1 0 0 1 1 1 1 1 0 1 0 0 0 0 1 1 0 0 0 1 1 0 0
 0 0 1 1 0 0 0 0 0 1 0 0 1 1 0 1 0 0 0 0 1 1 0 1 0 1 1 0 1 0 0 1 1 0 0 1 1
 0 0 1 0 1 0 1 1 0 0 0 0 1 0 0 1 0 1 0 1 1 0 1 1 1 0 0 1 1 0 0 0 1 1 0 0 0
 1 1 1 0 1 0 1 0 0 0 1 1 0 0 0 1 0 0 1 1 1 0 1 1 0 0 0 0 0 0 1 1 0 1 1 0 1
 0 1 0 1 0 0 1 0 0 1 0 0 0 1 1 0 0 1 1 1 0 1 1 0 0 1 1 1 0 1 0 0 0 1 1 0 1
 1 0 0 0 1 0 0 0 0 0 0 0 0 0 1 1 1 0 0 1 0 1 1 0 1 0 0 0 0 1 0 1 1 1 1 0 0
 1 0 0 0 1 0 1 1 0 1 0 1 1 1 1 1 0 1 0 0 0 0 0 1 1 0 1 1 0 0 0 1 0 1 0 1 1
 1 0 0 0 1 0 0 0 1 0 1 1 1 0 0 1 0 1 0 0 0 0 1 0 1 1 0 0 0 1 1 0 1 0 1 1 0
 1 1 1 0 0 1 1 0 1 1 0 0 0 1 0 1 1 1 1 0 0 1 0 0 0 0 1 1 1 1 0 0 1 1 0 1 0
 1 0 1 0 0 0 1 1 1 1 0 0 0 0 0 0 0 0 0 0 0 0 1 0 0 1 1 0 1 0 1 1 0 0 0 1 1
 0 1 0 1 1 0 1 1 1 0 0 0 1 1 0 0 1 0 1 0 0 1 0 1 0 0 1 1 0 0 1 1 0 1 0 0 1
 1 0 0 0 1 1 1 1 1 1 0 1 0 1 0 0 0 0 0 0 0 1 0 0 1 0 0 1 0 0 0 0 1 0 1 0 0
 0 0 1 1 0 0 0 0 0 0 1 1 0 1 1 0 0 0 1 1 1 0 0 1 1 0 0 1 0 0 0 0 0 1 1 0 1
 1 1 1 0 0 0 0 1 0 0 0 1 0 0 0 1 0 1 1 0 0 0 1 0 0 0 0 1 1 1 0 1 1 0 1 0 0
 0 0 1 1 0 0 0 0 1 0 0 0 1 0 0 0 0 1 0 0 1 1 0 0 0 1 0 1 0 1 1 0 0 0 0 0 0
 0 0 0 1 0 1 0 0 0 0 0 1 0 0 1 1 1 1 0 1 0 1 1 0 1 0 0 0 1 0 1 1 0 1 1 1 1
 0 1 0 1 0 1 0 0 1 0 0 0 1 1 1 1 1 0 1 1 0 0 0 0 1 1 1 0 1 0 1 0 0 1 0 0 0
 0 1 0 1 1 1 1 1 1 0 1 0 1 0 0 1 1 1 0 0 1 0 1 0 1 1 1 0 1 0 1 0 1 1 0 0 0
 1 1 1 0 0 1 1 0 1 1 1 0 0 0 0 1 1 1 0 1 0 1 0 0 1 0 0 0 0 1 1 0 1 0 0 0 0
 1 1 0 1 0 0 1 1 0 1 1 1 1 1 1 0 0 0 0 1 1 1 1 0 1 1 0 0 0 0 0 0 1 0 1 1 1
 1 0 1 1 1 1 0 1 1 1 1 1 0 0 1 0 0 0 0 0 0 0 1 1 0 1 1 1 1]
<<<<<<< HEAD
2025-10-24 11:22:53,428 - pyswarms.discrete.binary - INFO - Optimize for 50 iters with {'c1': 0.729, 'c2': 0.258, 'w': 0.729, 'k': 3, 'p': 2}
=======
2025-10-24 10:35:16,389 - pyswarms.discrete.binary - INFO - Optimize for 50 iters with {'c1': 0.729, 'c2': 0.258, 'w': 0.729, 'k': 3, 'p': 2}
>>>>>>> c90efaa6df9ea5be6859f0dd4d367c032cf65ed3
